Performing system checks...

System check identified no issues (0 silenced).
January 17, 2024 - 14:24:52
Django version 5.0, using settings 'Trombinoscoop.settings'
Starting development server at http://127.0.0.1:8000/
Quit the server with CONTROL-C.

Performing system checks...

System check identified no issues (0 silenced).
January 17, 2024 - 14:38:36
Django version 5.0, using settings 'Trombinoscoop.settings'
Starting development server at http://127.0.0.1:8000/
Quit the server with CONTROL-C.

Performing system checks...

System check identified no issues (0 silenced).
January 17, 2024 - 14:39:28
Django version 5.0, using settings 'Trombinoscoop.settings'
Starting development server at http://127.0.0.1:8000/
Quit the server with CONTROL-C.

Performing system checks...

System check identified no issues (0 silenced).
January 17, 2024 - 14:58:42
Django version 5.0, using settings 'Trombinoscoop.settings'
Starting development server at http://127.0.0.1:8000/
Quit the server with CONTROL-C.

Performing system checks...

System check identified no issues (0 silenced).
January 17, 2024 - 14:59:00
Django version 5.0, using settings 'Trombinoscoop.settings'
Starting development server at http://127.0.0.1:8000/
Quit the server with CONTROL-C.

